TN:
SF:src/app.ts
FN:25,(anonymous_0)
FN:28,(anonymous_1)
FNF:2
FNH:1
FNDA:1,(anonymous_0)
FNDA:0,(anonymous_1)
DA:14,1
DA:16,1
DA:18,1
DA:26,1
DA:29,0
DA:32,1
DA:33,1
DA:34,1
DA:35,1
DA:37,1
DA:38,1
DA:39,1
DA:41,1
DA:42,1
LF:14
LH:13
BRF:0
BRH:0
end_of_record
TN:
SF:src/controllers/blogs.ts
FN:16,(anonymous_0)
FN:28,(anonymous_1)
FN:48,(anonymous_2)
FN:73,(anonymous_3)
FNF:4
FNH:4
FNDA:4,(anonymous_0)
FNDA:70,(anonymous_1)
FNDA:4,(anonymous_2)
FNDA:1,(anonymous_3)
DA:14,1
DA:16,1
DA:17,4
DA:18,4
DA:22,4
DA:24,0
DA:28,1
DA:29,70
DA:31,70
DA:33,70
DA:38,70
DA:39,70
DA:40,68
DA:41,68
DA:42,68
DA:44,2
DA:48,1
DA:49,4
DA:51,4
DA:53,4
DA:54,4
DA:56,3
DA:57,2
DA:58,1
DA:59,1
DA:61,1
DA:64,1
DA:69,3
DA:73,1
DA:74,1
DA:76,1
DA:78,1
DA:79,1
DA:84,1
DA:85,1
DA:87,0
DA:90,0
LF:37
LH:34
BRDA:56,0,0,2
BRDA:56,0,1,1
BRDA:57,1,0,1
BRDA:57,1,1,1
BRDA:84,2,0,1
BRDA:84,2,1,0
BRF:6
BRH:5
end_of_record
TN:
SF:src/controllers/login.ts
FN:9,(anonymous_0)
FNF:1
FNH:1
FNDA:2,(anonymous_0)
DA:7,1
DA:9,1
DA:10,2
DA:12,2
DA:14,2
DA:18,2
DA:19,0
DA:24,2
DA:29,2
DA:33,2
LF:10
LH:9
BRDA:14,0,0,0
BRDA:14,0,1,2
BRDA:18,1,0,0
BRDA:18,1,1,2
BRDA:18,2,0,2
BRDA:18,2,1,2
BRF:6
BRH:4
end_of_record
TN:
SF:src/controllers/users.ts
FN:7,(anonymous_0)
FN:21,(anonymous_1)
FNF:2
FNH:1
FNDA:0,(anonymous_0)
FNDA:2,(anonymous_1)
DA:5,1
DA:7,1
DA:8,0
DA:9,0
DA:15,0
DA:17,0
DA:21,1
DA:22,2
DA:24,2
DA:25,0
DA:28,2
DA:29,0
DA:32,2
DA:33,2
DA:35,2
DA:41,2
DA:42,2
DA:43,2
DA:45,0
LF:19
LH:12
BRDA:24,0,0,0
BRDA:24,0,1,2
BRDA:28,1,0,0
BRDA:28,1,1,2
BRF:4
BRH:2
end_of_record
TN:
SF:src/models/blog.ts
FN:36,(anonymous_0)
FNF:1
FNH:1
FNDA:93,(anonymous_0)
DA:11,1
DA:35,1
DA:37,93
DA:38,93
DA:39,93
DA:43,1
LF:6
LH:6
BRF:0
BRH:0
end_of_record
TN:
SF:src/models/user.ts
FN:37,(anonymous_0)
FNF:1
FNH:1
FNDA:26,(anonymous_0)
DA:11,1
DA:34,1
DA:36,1
DA:38,26
DA:39,26
DA:40,26
DA:42,26
DA:46,1
LF:8
LH:8
BRF:0
BRH:0
end_of_record
TN:
SF:src/utils/config.ts
FNF:0
FNH:0
DA:3,1
DA:5,1
DA:7,1
LF:3
LH:3
BRDA:7,0,0,1
BRDA:7,0,1,0
BRF:2
BRH:1
end_of_record
TN:
SF:src/utils/error.ts
FN:4,(anonymous_0)
FNF:1
FNH:1
FNDA:2,(anonymous_0)
DA:5,2
DA:6,2
DA:7,2
LF:3
LH:3
BRF:0
BRH:0
end_of_record
TN:
SF:src/utils/logger.ts
FN:1,(anonymous_0)
FN:5,(anonymous_1)
FNF:2
FNH:2
FNDA:349,(anonymous_0)
FNDA:9,(anonymous_1)
DA:1,1
DA:2,349
DA:5,1
DA:6,9
LF:4
LH:4
BRF:0
BRH:0
end_of_record
TN:
SF:src/utils/middleware.ts
FN:9,requestLogger
FN:21,unknownEndpoint
FN:25,errorHandler
FN:49,tokenExtractor
FN:61,userExtractor
FNF:5
FNH:4
FNDA:87,requestLogger
FNDA:0,unknownEndpoint
FNDA:9,errorHandler
FNDA:87,tokenExtractor
FNDA:78,userExtractor
DA:14,87
DA:15,87
DA:16,87
DA:17,87
DA:18,87
DA:22,0
DA:31,9
DA:33,9
DA:34,1
DA:35,8
DA:36,2
DA:37,6
DA:38,4
DA:39,2
DA:40,0
DA:41,2
DA:42,2
DA:46,0
DA:54,87
DA:55,87
DA:56,76
DA:58,87
DA:66,78
DA:67,78
DA:68,2
DA:71,76
DA:76,74
DA:77,0
DA:80,74
DA:82,74
DA:84,4
DA:87,74
LF:32
LH:28
BRDA:33,0,0,1
BRDA:33,0,1,8
BRDA:35,1,0,2
BRDA:35,1,1,6
BRDA:37,2,0,4
BRDA:37,2,1,2
BRDA:39,3,0,0
BRDA:39,3,1,2
BRDA:41,4,0,2
BRDA:41,4,1,0
BRDA:55,5,0,76
BRDA:55,5,1,11
BRDA:55,6,0,87
BRDA:55,6,1,76
BRDA:67,7,0,2
BRDA:67,7,1,76
BRDA:76,8,0,0
BRDA:76,8,1,74
BRF:18
BRH:15
end_of_record
TN:
SF:tests/blogs.ts
FNF:0
FNH:0
LF:0
LH:0
BRF:0
BRH:0
end_of_record
TN:
SF:tests/users.ts
FNF:0
FNH:0
LF:0
LH:0
BRF:0
BRH:0
end_of_record
